<?xml version="1.0" encoding="UTF-8"?>
<!-- Generated by org.testng.reporters.JUnitReportReporter -->
<testsuite hostname="DESKTOP-434RM2K" failures="0" tests="9" name="testRunners.AddEmployeeTest" time="92.934" errors="0" timestamp="2024-05-29T18:49:17 IST" skipped="0">
  <testcase classname="testRunners.AddEmployeeTest" name="runScenario" time="8.692"/>
  <system-out>
    <![CDATA[system shown loginpage
system shown dashboard
Employee Added Successfully]]>
  </system-out>
  <testcase classname="testRunners.AddEmployeeTest" name="runScenario" time="9.524"/>
  <system-out>
    <![CDATA[system shown loginpage
system shown dashboard
Employee Added Successfully]]>
  </system-out>
  <testcase classname="testRunners.AddEmployeeTest" name="runScenario" time="9.159"/>
  <system-out>
    <![CDATA[system shown loginpage
system shown dashboard
Employee Added Successfully]]>
  </system-out>
  <testcase classname="testRunners.AddEmployeeTest" name="runScenario" time="14.677"/>
  <system-out>
    <![CDATA[system shown loginpage
system shown dashboard
Employee Added Successfully]]>
  </system-out>
  <testcase classname="testRunners.AddEmployeeTest" name="runScenario" time="10.842"/>
  <system-out>
    <![CDATA[system shown loginpage
system shown dashboard
Employee Added Successfully]]>
  </system-out>
  <testcase classname="testRunners.AddEmployeeTest" name="runScenario" time="11.719"/>
  <system-out>
    <![CDATA[system shown loginpage
system shown dashboard
Employee Added Successfully]]>
  </system-out>
  <testcase classname="testRunners.AddEmployeeTest" name="runScenario" time="9.814"/>
  <system-out>
    <![CDATA[system shown loginpage
system shown dashboard
Employee Added Successfully]]>
  </system-out>
  <testcase classname="testRunners.AddEmployeeTest" name="runScenario" time="9.432"/>
  <system-out>
    <![CDATA[system shown loginpage
system shown dashboard
Employee Added Successfully]]>
  </system-out>
  <testcase classname="testRunners.AddEmployeeTest" name="runScenario" time="9.075"/>
  <system-out>
    <![CDATA[system shown loginpage
system shown dashboard
Employee Added Successfully]]>
  </system-out>
</testsuite> <!-- testRunners.AddEmployeeTest -->
