<?xml version="1.0" encoding="UTF-8"?>
<!-- Generated by org.testng.reporters.JUnitReportReporter -->
<testsuite hostname="DESKTOP-434RM2K" failures="0" tests="1" name="testRunners.AdminLoginTest" time="5.622" errors="0" timestamp="2024-05-29T17:59:24 IST" skipped="0">
  <testcase classname="testRunners.AdminLoginTest" name="runScenario" time="5.622"/>
  <system-out>
    <![CDATA[system shown loginpage
system shown dashboard]]>
  </system-out>
</testsuite> <!-- testRunners.AdminLoginTest -->
