<?xml version="1.0" encoding="UTF-8"?>
<!-- Generated by org.testng.reporters.JUnitReportReporter -->
<testsuite hostname="DESKTOP-434RM2K" failures="0" tests="6" name="testRunners.AdminLoginTest" time="17.977" errors="0" timestamp="2024-05-29T18:15:25 IST" skipped="0">
  <testcase classname="testRunners.AdminLoginTest" name="runScenario" time="2.592"/>
  <system-out>
    <![CDATA[system shown loginpage
system generated appropriate messege]]>
  </system-out>
  <testcase classname="testRunners.AdminLoginTest" name="runScenario" time="2.709"/>
  <system-out>
    <![CDATA[system shown loginpage
system generated appropriate messege]]>
  </system-out>
  <testcase classname="testRunners.AdminLoginTest" name="runScenario" time="4.085"/>
  <system-out>
    <![CDATA[system shown loginpage
system generated appropriate messege]]>
  </system-out>
  <testcase classname="testRunners.AdminLoginTest" name="runScenario" time="3.012"/>
  <system-out>
    <![CDATA[system shown loginpage
system generated appropriate messege]]>
  </system-out>
  <testcase classname="testRunners.AdminLoginTest" name="runScenario" time="2.869"/>
  <system-out>
    <![CDATA[system shown loginpage
system generated appropriate messege]]>
  </system-out>
  <testcase classname="testRunners.AdminLoginTest" name="runScenario" time="2.710"/>
  <system-out>
    <![CDATA[system shown loginpage
system generated appropriate messege]]>
  </system-out>
</testsuite> <!-- testRunners.AdminLoginTest -->
